<?xml version="1.0" encoding="UTF-8"?>
<testsuite name="com.traveldiary.back.BackApplicationTests" tests="1" skipped="0" failures="0" errors="0" timestamp="2024-06-20T03:39:04" hostname="DESKTOP-N99JP2B" time="0.372">
  <properties/>
  <testcase name="contextLoads()" classname="com.traveldiary.back.BackApplicationTests" time="0.372"/>
  <system-out><![CDATA[12:38:59.440 [Test worker] INFO org.springframework.test.context.support.AnnotationConfigContextLoaderUtils -- Could not detect default configuration classes for test class [com.traveldiary.back.BackApplicationTests]: BackApplicationTests does not declare any static, non-private, non-final, nested classes annotated with @Configuration.
12:38:59.512 [Test worker] INFO org.springframework.boot.test.context.SpringBootTestContextBootstrapper -- Found @SpringBootConfiguration com.traveldiary.back.BackApplication for test class com.traveldiary.back.BackApplicationTests

  .   ____          _            __ _ _
 /\\ / ___'_ __ _ _(_)_ __  __ _ \ \ \ \
( ( )\___ | '_ | '_| | '_ \/ _` | \ \ \ \
 \\/  ___)| |_)| | | | | || (_| |  ) ) ) )
  '  |____| .__|_| |_|_| |_\__, | / / / /
 =========|_|==============|___/=/_/_/_/
 :: Spring Boot ::               (v3.1.11)

2024-06-20T12:38:59.769+09:00  INFO 12168 --- [    Test worker] c.traveldiary.back.BackApplicationTests  : Starting BackApplicationTests using Java 21.0.2 with PID 12168 (started by ITPS in D:\parkyoungkeun\webprojecttravel\project\travel-diary-back)
2024-06-20T12:38:59.770+09:00  INFO 12168 --- [    Test worker] c.traveldiary.back.BackApplicationTests  : No active profile set, falling back to 1 default profile: "default"
2024-06-20T12:39:00.294+09:00  INFO 12168 --- [    Test worker] .s.d.r.c.RepositoryConfigurationDelegate : Bootstrapping Spring Data JPA repositories in DEFAULT mode.
2024-06-20T12:39:00.398+09:00  INFO 12168 --- [    Test worker] .s.d.r.c.RepositoryConfigurationDelegate : Finished Spring Data repository scanning in 98 ms. Found 19 JPA repository interfaces.
2024-06-20T12:39:00.864+09:00  INFO 12168 --- [    Test worker] com.zaxxer.hikari.HikariDataSource       : HikariPool-1 - Starting...
2024-06-20T12:39:01.346+09:00  INFO 12168 --- [    Test worker] com.zaxxer.hikari.pool.HikariPool        : HikariPool-1 - Added connection com.mysql.cj.jdbc.ConnectionImpl@13e00016
2024-06-20T12:39:01.347+09:00  INFO 12168 --- [    Test worker] com.zaxxer.hikari.HikariDataSource       : HikariPool-1 - Start completed.
2024-06-20T12:39:01.383+09:00  INFO 12168 --- [    Test worker] o.hibernate.jpa.internal.util.LogHelper  : HHH000204: Processing PersistenceUnitInfo [name: default]
2024-06-20T12:39:01.434+09:00  INFO 12168 --- [    Test worker] org.hibernate.Version                    : HHH000412: Hibernate ORM core version 6.2.24.Final
2024-06-20T12:39:01.436+09:00  INFO 12168 --- [    Test worker] org.hibernate.cfg.Environment            : HHH000406: Using bytecode reflection optimizer
2024-06-20T12:39:01.657+09:00  INFO 12168 --- [    Test worker] o.s.o.j.p.SpringPersistenceUnitInfo      : No LoadTimeWeaver setup: ignoring JPA class transformer
2024-06-20T12:39:01.986+09:00  WARN 12168 --- [    Test worker] org.hibernate.mapping.RootClass          : HHH000038: Composite-id class does not override equals(): com.traveldiary.back.entity.pk.TourRecommendPk
2024-06-20T12:39:01.987+09:00  WARN 12168 --- [    Test worker] org.hibernate.mapping.RootClass          : HHH000039: Composite-id class does not override hashCode(): com.traveldiary.back.entity.pk.TourRecommendPk
2024-06-20T12:39:01.987+09:00  WARN 12168 --- [    Test worker] org.hibernate.mapping.RootClass          : HHH000038: Composite-id class does not override equals(): com.traveldiary.back.entity.pk.RestRecommendPk
2024-06-20T12:39:01.987+09:00  WARN 12168 --- [    Test worker] org.hibernate.mapping.RootClass          : HHH000039: Composite-id class does not override hashCode(): com.traveldiary.back.entity.pk.RestRecommendPk
2024-06-20T12:39:01.988+09:00  WARN 12168 --- [    Test worker] org.hibernate.mapping.RootClass          : HHH000038: Composite-id class does not override equals(): com.traveldiary.back.entity.pk.FavoritePk
2024-06-20T12:39:01.988+09:00  WARN 12168 --- [    Test worker] org.hibernate.mapping.RootClass          : HHH000039: Composite-id class does not override hashCode(): com.traveldiary.back.entity.pk.FavoritePk
2024-06-20T12:39:02.501+09:00  INFO 12168 --- [    Test worker] o.h.e.t.j.p.i.JtaPlatformInitiator       : HHH000489: No JTA platform available (set 'hibernate.transaction.jta.platform' to enable JTA platform integration)
2024-06-20T12:39:02.503+09:00  INFO 12168 --- [    Test worker] j.LocalContainerEntityManagerFactoryBean : Initialized JPA EntityManagerFactory for persistence unit 'default'
2024-06-20T12:39:02.959+09:00  INFO 12168 --- [    Test worker] o.s.d.j.r.query.QueryEnhancerFactory     : Hibernate is in classpath; If applicable, HQL parser will be used.
2024-06-20T12:39:03.594+09:00  WARN 12168 --- [    Test worker] JpaBaseConfiguration$JpaWebConfiguration : spring.jpa.open-in-view is enabled by default. Therefore, database queries may be performed during view rendering. Explicitly configure spring.jpa.open-in-view to disable this warning
2024-06-20T12:39:03.878+09:00  INFO 12168 --- [    Test worker] o.s.s.web.DefaultSecurityFilterChain     : Will secure any request with [org.springframework.security.web.session.DisableEncodeUrlFilter@1d0ac379, org.springframework.security.web.context.request.async.WebAsyncManagerIntegrationFilter@66d8a602, org.springframework.security.web.context.SecurityContextHolderFilter@48e0e779, org.springframework.security.web.header.HeaderWriterFilter@3dcc59f5, org.springframework.web.filter.CorsFilter@32950acc, org.springframework.security.web.authentication.logout.LogoutFilter@28245839, org.springframework.security.oauth2.client.web.OAuth2AuthorizationRequestRedirectFilter@43051a8d, org.springframework.security.oauth2.client.web.OAuth2LoginAuthenticationFilter@70916715, com.traveldiary.back.filter.JwtAuthenticationFilter@6ddc817f, org.springframework.security.web.savedrequest.RequestCacheAwareFilter@22a10b71, org.springframework.security.web.servletapi.SecurityContextHolderAwareRequestFilter@31881213, org.springframework.security.web.authentication.AnonymousAuthenticationFilter@47a22020, org.springframework.security.web.session.SessionManagementFilter@690337df, org.springframework.security.web.access.ExceptionTranslationFilter@207bf6d8, org.springframework.security.web.access.intercept.AuthorizationFilter@fca4392]
2024-06-20T12:39:04.116+09:00  INFO 12168 --- [    Test worker] c.traveldiary.back.BackApplicationTests  : Started BackApplicationTests in 4.495 seconds (process running for 5.288)
]]></system-out>
  <system-err><![CDATA[WARNING: A Java agent has been loaded dynamically (C:\Users\ITPS\.gradle\caches\modules-2\files-2.1\net.bytebuddy\byte-buddy-agent\1.14.13\979ce25f7d3096a2e82214ba7dc972a05ce7a171\byte-buddy-agent-1.14.13.jar)
WARNING: If a serviceability tool is in use, please run with -XX:+EnableDynamicAgentLoading to hide this warning
WARNING: If a serviceability tool is not in use, please run with -Djdk.instrument.traceUsage for more information
WARNING: Dynamic loading of agents will be disallowed by default in a future release
]]></system-err>
</testsuite>
