<?xml version="1.0" encoding="UTF-8"?>
<testsuite name="com.traveldiary.back.BackApplicationTests" tests="1" skipped="0" failures="0" errors="0" timestamp="2024-06-20T03:27:36" hostname="DESKTOP-N99JP2B" time="0.407">
  <properties/>
  <testcase name="contextLoads()" classname="com.traveldiary.back.BackApplicationTests" time="0.407"/>
  <system-out><![CDATA[12:27:31.795 [Test worker] INFO org.springframework.test.context.support.AnnotationConfigContextLoaderUtils -- Could not detect default configuration classes for test class [com.traveldiary.back.BackApplicationTests]: BackApplicationTests does not declare any static, non-private, non-final, nested classes annotated with @Configuration.
12:27:31.870 [Test worker] INFO org.springframework.boot.test.context.SpringBootTestContextBootstrapper -- Found @SpringBootConfiguration com.traveldiary.back.BackApplication for test class com.traveldiary.back.BackApplicationTests

  .   ____          _            __ _ _
 /\\ / ___'_ __ _ _(_)_ __  __ _ \ \ \ \
( ( )\___ | '_ | '_| | '_ \/ _` | \ \ \ \
 \\/  ___)| |_)| | | | | || (_| |  ) ) ) )
  '  |____| .__|_| |_|_| |_\__, | / / / /
 =========|_|==============|___/=/_/_/_/
 :: Spring Boot ::               (v3.1.11)

2024-06-20T12:27:32.162+09:00  INFO 13316 --- [    Test worker] c.traveldiary.back.BackApplicationTests  : Starting BackApplicationTests using Java 21.0.2 with PID 13316 (started by ITPS in D:\parkyoungkeun\webprojecttravel\project\travel-diary-back)
2024-06-20T12:27:32.163+09:00  INFO 13316 --- [    Test worker] c.traveldiary.back.BackApplicationTests  : No active profile set, falling back to 1 default profile: "default"
2024-06-20T12:27:32.772+09:00  INFO 13316 --- [    Test worker] .s.d.r.c.RepositoryConfigurationDelegate : Bootstrapping Spring Data JPA repositories in DEFAULT mode.
2024-06-20T12:27:32.874+09:00  INFO 13316 --- [    Test worker] .s.d.r.c.RepositoryConfigurationDelegate : Finished Spring Data repository scanning in 97 ms. Found 19 JPA repository interfaces.
2024-06-20T12:27:33.328+09:00  INFO 13316 --- [    Test worker] com.zaxxer.hikari.HikariDataSource       : HikariPool-1 - Starting...
2024-06-20T12:27:33.855+09:00  INFO 13316 --- [    Test worker] com.zaxxer.hikari.pool.HikariPool        : HikariPool-1 - Added connection com.mysql.cj.jdbc.ConnectionImpl@1600a8a2
2024-06-20T12:27:33.857+09:00  INFO 13316 --- [    Test worker] com.zaxxer.hikari.HikariDataSource       : HikariPool-1 - Start completed.
2024-06-20T12:27:33.892+09:00  INFO 13316 --- [    Test worker] o.hibernate.jpa.internal.util.LogHelper  : HHH000204: Processing PersistenceUnitInfo [name: default]
2024-06-20T12:27:33.939+09:00  INFO 13316 --- [    Test worker] org.hibernate.Version                    : HHH000412: Hibernate ORM core version 6.2.24.Final
2024-06-20T12:27:33.941+09:00  INFO 13316 --- [    Test worker] org.hibernate.cfg.Environment            : HHH000406: Using bytecode reflection optimizer
2024-06-20T12:27:34.150+09:00  INFO 13316 --- [    Test worker] o.s.o.j.p.SpringPersistenceUnitInfo      : No LoadTimeWeaver setup: ignoring JPA class transformer
2024-06-20T12:27:34.510+09:00  WARN 13316 --- [    Test worker] org.hibernate.mapping.RootClass          : HHH000038: Composite-id class does not override equals(): com.traveldiary.back.entity.pk.TourRecommendPk
2024-06-20T12:27:34.510+09:00  WARN 13316 --- [    Test worker] org.hibernate.mapping.RootClass          : HHH000039: Composite-id class does not override hashCode(): com.traveldiary.back.entity.pk.TourRecommendPk
2024-06-20T12:27:34.510+09:00  WARN 13316 --- [    Test worker] org.hibernate.mapping.RootClass          : HHH000038: Composite-id class does not override equals(): com.traveldiary.back.entity.pk.RestRecommendPk
2024-06-20T12:27:34.510+09:00  WARN 13316 --- [    Test worker] org.hibernate.mapping.RootClass          : HHH000039: Composite-id class does not override hashCode(): com.traveldiary.back.entity.pk.RestRecommendPk
2024-06-20T12:27:34.511+09:00  WARN 13316 --- [    Test worker] org.hibernate.mapping.RootClass          : HHH000038: Composite-id class does not override equals(): com.traveldiary.back.entity.pk.FavoritePk
2024-06-20T12:27:34.511+09:00  WARN 13316 --- [    Test worker] org.hibernate.mapping.RootClass          : HHH000039: Composite-id class does not override hashCode(): com.traveldiary.back.entity.pk.FavoritePk
2024-06-20T12:27:35.052+09:00  INFO 13316 --- [    Test worker] o.h.e.t.j.p.i.JtaPlatformInitiator       : HHH000489: No JTA platform available (set 'hibernate.transaction.jta.platform' to enable JTA platform integration)
2024-06-20T12:27:35.054+09:00  INFO 13316 --- [    Test worker] j.LocalContainerEntityManagerFactoryBean : Initialized JPA EntityManagerFactory for persistence unit 'default'
2024-06-20T12:27:35.527+09:00  INFO 13316 --- [    Test worker] o.s.d.j.r.query.QueryEnhancerFactory     : Hibernate is in classpath; If applicable, HQL parser will be used.
2024-06-20T12:27:36.141+09:00  WARN 13316 --- [    Test worker] JpaBaseConfiguration$JpaWebConfiguration : spring.jpa.open-in-view is enabled by default. Therefore, database queries may be performed during view rendering. Explicitly configure spring.jpa.open-in-view to disable this warning
2024-06-20T12:27:36.407+09:00  INFO 13316 --- [    Test worker] o.s.s.web.DefaultSecurityFilterChain     : Will secure any request with [org.springframework.security.web.session.DisableEncodeUrlFilter@1a5478e8, org.springframework.security.web.context.request.async.WebAsyncManagerIntegrationFilter@7953a656, org.springframework.security.web.context.SecurityContextHolderFilter@1928930, org.springframework.security.web.header.HeaderWriterFilter@4fc28b23, org.springframework.web.filter.CorsFilter@60f6c148, org.springframework.security.web.authentication.logout.LogoutFilter@62dfe32e, org.springframework.security.oauth2.client.web.OAuth2AuthorizationRequestRedirectFilter@2fb36d8d, org.springframework.security.oauth2.client.web.OAuth2LoginAuthenticationFilter@35eac1dd, com.traveldiary.back.filter.JwtAuthenticationFilter@4986b0ea, org.springframework.security.web.savedrequest.RequestCacheAwareFilter@43ac1fa0, org.springframework.security.web.servletapi.SecurityContextHolderAwareRequestFilter@3514ea20, org.springframework.security.web.authentication.AnonymousAuthenticationFilter@3327406e, org.springframework.security.web.session.SessionManagementFilter@31881213, org.springframework.security.web.access.ExceptionTranslationFilter@22a10b71, org.springframework.security.web.access.intercept.AuthorizationFilter@40aa9bae]
2024-06-20T12:27:36.698+09:00  INFO 13316 --- [    Test worker] c.traveldiary.back.BackApplicationTests  : Started BackApplicationTests in 4.714 seconds (process running for 5.576)
]]></system-out>
  <system-err><![CDATA[WARNING: A Java agent has been loaded dynamically (C:\Users\ITPS\.gradle\caches\modules-2\files-2.1\net.bytebuddy\byte-buddy-agent\1.14.13\979ce25f7d3096a2e82214ba7dc972a05ce7a171\byte-buddy-agent-1.14.13.jar)
WARNING: If a serviceability tool is in use, please run with -XX:+EnableDynamicAgentLoading to hide this warning
WARNING: If a serviceability tool is not in use, please run with -Djdk.instrument.traceUsage for more information
WARNING: Dynamic loading of agents will be disallowed by default in a future release
]]></system-err>
</testsuite>
