<?xml version="1.0" encoding="UTF-8"?>
<testsuite name="com.traveldiary.back.BackApplicationTests" tests="1" skipped="0" failures="0" errors="0" timestamp="2024-07-07T12:08:28" hostname="ICE" time="0.499">
  <properties/>
  <testcase name="contextLoads()" classname="com.traveldiary.back.BackApplicationTests" time="0.499"/>
  <system-out><![CDATA[21:08:21.557 [Test worker] INFO org.springframework.test.context.support.AnnotationConfigContextLoaderUtils -- Could not detect default configuration classes for test class [com.traveldiary.back.BackApplicationTests]: BackApplicationTests does not declare any static, non-private, non-final, nested classes annotated with @Configuration.
21:08:21.671 [Test worker] INFO org.springframework.boot.test.context.SpringBootTestContextBootstrapper -- Found @SpringBootConfiguration com.traveldiary.back.BackApplication for test class com.traveldiary.back.BackApplicationTests

  .   ____          _            __ _ _
 /\\ / ___'_ __ _ _(_)_ __  __ _ \ \ \ \
( ( )\___ | '_ | '_| | '_ \/ _` | \ \ \ \
 \\/  ___)| |_)| | | | | || (_| |  ) ) ) )
  '  |____| .__|_| |_|_| |_\__, | / / / /
 =========|_|==============|___/=/_/_/_/
 :: Spring Boot ::               (v3.1.11)

2024-07-07T21:08:22.137+09:00  INFO 10552 --- [    Test worker] c.traveldiary.back.BackApplicationTests  : Starting BackApplicationTests using Java 17.0.10 with PID 10552 (started by anxis in C:\Users\anxis\Desktop\Young\project\travelDiary\back)
2024-07-07T21:08:22.138+09:00  INFO 10552 --- [    Test worker] c.traveldiary.back.BackApplicationTests  : No active profile set, falling back to 1 default profile: "default"
2024-07-07T21:08:23.039+09:00  INFO 10552 --- [    Test worker] .s.d.r.c.RepositoryConfigurationDelegate : Bootstrapping Spring Data JPA repositories in DEFAULT mode.
2024-07-07T21:08:23.172+09:00  INFO 10552 --- [    Test worker] .s.d.r.c.RepositoryConfigurationDelegate : Finished Spring Data repository scanning in 124 ms. Found 19 JPA repository interfaces.
2024-07-07T21:08:23.756+09:00  INFO 10552 --- [    Test worker] com.zaxxer.hikari.HikariDataSource       : HikariPool-1 - Starting...
2024-07-07T21:08:24.467+09:00  INFO 10552 --- [    Test worker] com.zaxxer.hikari.pool.HikariPool        : HikariPool-1 - Added connection com.mysql.cj.jdbc.ConnectionImpl@6b5c134e
2024-07-07T21:08:24.469+09:00  INFO 10552 --- [    Test worker] com.zaxxer.hikari.HikariDataSource       : HikariPool-1 - Start completed.
2024-07-07T21:08:24.504+09:00  INFO 10552 --- [    Test worker] o.hibernate.jpa.internal.util.LogHelper  : HHH000204: Processing PersistenceUnitInfo [name: default]
2024-07-07T21:08:24.558+09:00  INFO 10552 --- [    Test worker] org.hibernate.Version                    : HHH000412: Hibernate ORM core version 6.2.24.Final
2024-07-07T21:08:24.560+09:00  INFO 10552 --- [    Test worker] org.hibernate.cfg.Environment            : HHH000406: Using bytecode reflection optimizer
2024-07-07T21:08:24.891+09:00  INFO 10552 --- [    Test worker] o.s.o.j.p.SpringPersistenceUnitInfo      : No LoadTimeWeaver setup: ignoring JPA class transformer
2024-07-07T21:08:25.457+09:00  WARN 10552 --- [    Test worker] org.hibernate.mapping.RootClass          : HHH000038: Composite-id class does not override equals(): com.traveldiary.back.entity.pk.TourRecommendPk
2024-07-07T21:08:25.457+09:00  WARN 10552 --- [    Test worker] org.hibernate.mapping.RootClass          : HHH000039: Composite-id class does not override hashCode(): com.traveldiary.back.entity.pk.TourRecommendPk
2024-07-07T21:08:25.458+09:00  WARN 10552 --- [    Test worker] org.hibernate.mapping.RootClass          : HHH000038: Composite-id class does not override equals(): com.traveldiary.back.entity.pk.RestRecommendPk
2024-07-07T21:08:25.458+09:00  WARN 10552 --- [    Test worker] org.hibernate.mapping.RootClass          : HHH000039: Composite-id class does not override hashCode(): com.traveldiary.back.entity.pk.RestRecommendPk
2024-07-07T21:08:25.458+09:00  WARN 10552 --- [    Test worker] org.hibernate.mapping.RootClass          : HHH000038: Composite-id class does not override equals(): com.traveldiary.back.entity.pk.FavoritePk
2024-07-07T21:08:25.459+09:00  WARN 10552 --- [    Test worker] org.hibernate.mapping.RootClass          : HHH000039: Composite-id class does not override hashCode(): com.traveldiary.back.entity.pk.FavoritePk
2024-07-07T21:08:26.308+09:00  INFO 10552 --- [    Test worker] o.h.e.t.j.p.i.JtaPlatformInitiator       : HHH000489: No JTA platform available (set 'hibernate.transaction.jta.platform' to enable JTA platform integration)
2024-07-07T21:08:26.312+09:00  INFO 10552 --- [    Test worker] j.LocalContainerEntityManagerFactoryBean : Initialized JPA EntityManagerFactory for persistence unit 'default'
2024-07-07T21:08:26.916+09:00  INFO 10552 --- [    Test worker] o.s.d.j.r.query.QueryEnhancerFactory     : Hibernate is in classpath; If applicable, HQL parser will be used.
2024-07-07T21:08:27.598+09:00  WARN 10552 --- [    Test worker] JpaBaseConfiguration$JpaWebConfiguration : spring.jpa.open-in-view is enabled by default. Therefore, database queries may be performed during view rendering. Explicitly configure spring.jpa.open-in-view to disable this warning
2024-07-07T21:08:28.021+09:00  INFO 10552 --- [    Test worker] o.s.s.web.DefaultSecurityFilterChain     : Will secure any request with [org.springframework.security.web.session.DisableEncodeUrlFilter@e620893, org.springframework.security.web.context.request.async.WebAsyncManagerIntegrationFilter@411c5fa2, org.springframework.security.web.context.SecurityContextHolderFilter@62dfe32e, org.springframework.security.web.header.HeaderWriterFilter@32fa7ff0, org.springframework.web.filter.CorsFilter@68fce3e5, org.springframework.security.web.authentication.logout.LogoutFilter@77971bbf, org.springframework.security.oauth2.client.web.OAuth2AuthorizationRequestRedirectFilter@361d56a3, org.springframework.security.oauth2.client.web.OAuth2LoginAuthenticationFilter@289a70a, com.traveldiary.back.filter.JwtAuthenticationFilter@423791, org.springframework.security.web.savedrequest.RequestCacheAwareFilter@fca4392, org.springframework.security.web.servletapi.SecurityContextHolderAwareRequestFilter@5312940c, org.springframework.security.web.authentication.AnonymousAuthenticationFilter@d2eddc2, org.springframework.security.web.session.SessionManagementFilter@4702faee, org.springframework.security.web.access.ExceptionTranslationFilter@1e0d70db, org.springframework.security.web.access.intercept.AuthorizationFilter@1724c649]
2024-07-07T21:08:28.348+09:00  INFO 10552 --- [    Test worker] c.traveldiary.back.BackApplicationTests  : Started BackApplicationTests in 6.487 seconds (process running for 7.704)
]]></system-out>
  <system-err><![CDATA[]]></system-err>
</testsuite>
